Attaching 4 probes...
@sctp_recv_count[open5gs-sgwcd]: 4
@sctp_recv_count[NetworkManager]: 4
@sctp_recv_count[open5gs-sgwud]: 4
@sctp_recv_count[conn12]: 6
@sctp_recv_count[conn11]: 6
@sctp_recv_count[systemd-resolve]: 8
@sctp_recv_count[open5gs-nssfd]: 9
@sctp_recv_count[node]: 12
@sctp_recv_count[open5gs-bsfd]: 24
@sctp_recv_count[open5gs-nrfd]: 40
@sctp_recv_count[conn7]: 62
@sctp_recv_count[open5gs-ausfd]: 79
@sctp_recv_count[conn10]: 182
@sctp_recv_count[open5gs-pcfd]: 213
@sctp_recv_count[open5gs-udmd]: 218
@sctp_recv_count[open5gs-pcrfd]: 288
@sctp_recv_count[open5gs-mmed]: 289
@sctp_recv_count[open5gs-hssd]: 289
@sctp_recv_count[open5gs-amfd]: 307
@sctp_recv_count[open5gs-udrd]: 332
@sctp_recv_count[open5gs-smfd]: 438
@sctp_recv_count[open5gs-scpd]: 874
@sctp_recv_count[open5gs-upfd]: 35806
@sctp_send_count[open5gs-hssd]: 2
@sctp_send_count[open5gs-mmed]: 2
@sctp_send_count[open5gs-pcrfd]: 2
@sctp_send_count[conn11]: 3
@sctp_send_count[conn1]: 3
@sctp_send_count[NetworkManager]: 3
@sctp_send_count[conn12]: 3
@sctp_send_count[conn2]: 3
@sctp_send_count[open5gs-sgwcd]: 4
@sctp_send_count[systemd-resolve]: 4
@sctp_send_count[open5gs-sgwud]: 4
@sctp_send_count[node]: 6
@sctp_send_count[open5gs-nssfd]: 6
@sctp_send_count[conn7]: 31
@sctp_send_count[open5gs-bsfd]: 36
@sctp_send_count[open5gs-nrfd]: 67
@sctp_send_count[open5gs-ausfd]: 86
@sctp_send_count[conn10]: 91
@sctp_send_count[open5gs-pcfd]: 137
@sctp_send_count[open5gs-smfd]: 154
@sctp_send_count[open5gs-udmd]: 226
@sctp_send_count[open5gs-udrd]: 237
@sctp_send_count[open5gs-amfd]: 246
@sctp_send_count[open5gs-scpd]: 970
@sctp_send_count[open5gs-upfd]: 108668
