Attaching 4 probes...
@sctp_recv_count[NetworkManager]: 2
@sctp_recv_count[conn12]: 6
@sctp_recv_count[conn11]: 6
@sctp_recv_count[open5gs-sgwcd]: 6
@sctp_recv_count[open5gs-sgwud]: 6
@sctp_recv_count[systemd-resolve]: 8
@sctp_recv_count[open5gs-nssfd]: 9
@sctp_recv_count[node]: 12
@sctp_recv_count[avahi-daemon]: 20
@sctp_recv_count[open5gs-bsfd]: 28
@sctp_recv_count[conn7]: 62
@sctp_recv_count[open5gs-pcfd]: 194
@sctp_recv_count[open5gs-nrfd]: 230
@sctp_recv_count[open5gs-hssd]: 286
@sctp_recv_count[open5gs-mmed]: 287
@sctp_recv_count[open5gs-pcrfd]: 287
@sctp_recv_count[open5gs-smfd]: 441
@sctp_recv_count[open5gs-udmd]: 950
@sctp_recv_count[open5gs-ausfd]: 976
@sctp_recv_count[conn10]: 1048
@sctp_recv_count[open5gs-amfd]: 1766
@sctp_recv_count[open5gs-udrd]: 1822
@sctp_recv_count[open5gs-scpd]: 3302
@sctp_recv_count[open5gs-upfd]: 18788
@sctp_send_count[open5gs-hssd]: 1
@sctp_send_count[open5gs-pcrfd]: 1
@sctp_send_count[open5gs-mmed]: 1
@sctp_send_count[avahi-daemon]: 2
@sctp_send_count[NetworkManager]: 2
@sctp_send_count[conn2]: 3
@sctp_send_count[conn1]: 3
@sctp_send_count[conn11]: 3
@sctp_send_count[conn12]: 3
@sctp_send_count[systemd-resolve]: 4
@sctp_send_count[node]: 6
@sctp_send_count[open5gs-nssfd]: 6
@sctp_send_count[open5gs-sgwcd]: 6
@sctp_send_count[open5gs-sgwud]: 6
@sctp_send_count[conn7]: 31
@sctp_send_count[open5gs-bsfd]: 36
@sctp_send_count[open5gs-pcfd]: 138
@sctp_send_count[open5gs-smfd]: 153
@sctp_send_count[conn10]: 531
@sctp_send_count[open5gs-nrfd]: 937
@sctp_send_count[open5gs-udmd]: 1551
@sctp_send_count[open5gs-udrd]: 1557
@sctp_send_count[open5gs-ausfd]: 1850
@sctp_send_count[open5gs-amfd]: 2006
@sctp_send_count[open5gs-scpd]: 6258
@sctp_send_count[open5gs-upfd]: 60927
