Attaching 4 probes...
@sctp_recv_count[systemd-timesyn]: 1
@sctp_recv_count[NetworkManager]: 2
@sctp_recv_count[open5gs-sgwcd]: 6
@sctp_recv_count[open5gs-upfd]: 6
@sctp_recv_count[conn12]: 6
@sctp_recv_count[open5gs-sgwud]: 6
@sctp_recv_count[conn11]: 6
@sctp_recv_count[systemd-resolve]: 8
@sctp_recv_count[open5gs-bsfd]: 9
@sctp_recv_count[open5gs-nssfd]: 9
@sctp_recv_count[open5gs-pcfd]: 9
@sctp_recv_count[node]: 12
@sctp_recv_count[open5gs-pcrfd]: 288
@sctp_recv_count[open5gs-hssd]: 289
@sctp_recv_count[open5gs-mmed]: 289
@sctp_recv_count[open5gs-smfd]: 304
@sctp_recv_count[open5gs-nrfd]: 336
@sctp_recv_count[conn10]: 938
@sctp_recv_count[open5gs-udmd]: 1115
@sctp_recv_count[open5gs-ausfd]: 1217
@sctp_recv_count[open5gs-udrd]: 1699
@sctp_recv_count[open5gs-amfd]: 1699
@sctp_recv_count[open5gs-scpd]: 4126
@sctp_send_count[open5gs-hssd]: 1
@sctp_send_count[open5gs-mmed]: 1
@sctp_send_count[systemd-timesyn]: 1
@sctp_send_count[open5gs-pcrfd]: 1
@sctp_send_count[NetworkManager]: 2
@sctp_send_count[conn2]: 3
@sctp_send_count[conn1]: 3
@sctp_send_count[conn12]: 3
@sctp_send_count[conn11]: 3
@sctp_send_count[systemd-resolve]: 4
@sctp_send_count[open5gs-sgwud]: 6
@sctp_send_count[open5gs-sgwcd]: 6
@sctp_send_count[open5gs-upfd]: 6
@sctp_send_count[open5gs-pcfd]: 6
@sctp_send_count[open5gs-nssfd]: 6
@sctp_send_count[node]: 6
@sctp_send_count[open5gs-bsfd]: 6
@sctp_send_count[open5gs-smfd]: 13
@sctp_send_count[conn10]: 469
@sctp_send_count[open5gs-nrfd]: 963
@sctp_send_count[open5gs-udmd]: 1413
@sctp_send_count[open5gs-udrd]: 1413
@sctp_send_count[open5gs-amfd]: 1878
@sctp_send_count[open5gs-ausfd]: 1881
@sctp_send_count[open5gs-scpd]: 5709
